This is pdfTeX, Version 3.14159265-2.6-1.40.20 (TeX Live 2019/W32TeX) (preloaded format=pdflatex 2019.5.5)  2 AUG 2019 13:52
entering extended mode
 restricted \write18 enabled.
 %&-line parsing enabled.
**Lab3.tex
(./Lab3.tex
LaTeX2e <2018-12-01>
(e:/texlive/2019/texmf-dist/tex/latex/base/report.cls
Document Class: report 2018/09/03 v1.4i Standard LaTeX document class
(e:/texlive/2019/texmf-dist/tex/latex/base/size10.clo
File: size10.clo 2018/09/03 v1.4i Standard LaTeX file (size option)
)
\c@part=\count80
\c@chapter=\count81
\c@section=\count82
\c@subsection=\count83
\c@subsubsection=\count84
\c@paragraph=\count85
\c@subparagraph=\count86
\c@figure=\count87
\c@table=\count88
\abovecaptionskip=\skip41
\belowcaptionskip=\skip42
\bibindent=\dimen102
)
(e:/texlive/2019/texmf-dist/tex/latex/amsmath/amsmath.sty
Package: amsmath 2018/12/01 v2.17b AMS math features
\@mathmargin=\skip43

For additional information on amsmath, use the `?' option.
(e:/texlive/2019/texmf-dist/tex/latex/amsmath/amstext.sty
Package: amstext 2000/06/29 v2.01 AMS text

(e:/texlive/2019/texmf-dist/tex/latex/amsmath/amsgen.sty
File: amsgen.sty 1999/11/30 v2.0 generic functions
\@emptytoks=\toks14
\ex@=\dimen103
))
(e:/texlive/2019/texmf-dist/tex/latex/amsmath/amsbsy.sty
Package: amsbsy 1999/11/29 v1.2d Bold Symbols
\pmbraise@=\dimen104
)
(e:/texlive/2019/texmf-dist/tex/latex/amsmath/amsopn.sty
Package: amsopn 2016/03/08 v2.02 operator names
)
\inf@bad=\count89
LaTeX Info: Redefining \frac on input line 223.
\uproot@=\count90
\leftroot@=\count91
LaTeX Info: Redefining \overline on input line 385.
\classnum@=\count92
\DOTSCASE@=\count93
LaTeX Info: Redefining \ldots on input line 482.
LaTeX Info: Redefining \dots on input line 485.
LaTeX Info: Redefining \cdots on input line 606.
\Mathstrutbox@=\box27
\strutbox@=\box28
\big@size=\dimen105
LaTeX Font Info:    Redeclaring font encoding OML on input line 729.
LaTeX Font Info:    Redeclaring font encoding OMS on input line 730.
\macc@depth=\count94
\c@MaxMatrixCols=\count95
\dotsspace@=\muskip10
\c@parentequation=\count96
\dspbrk@lvl=\count97
\tag@help=\toks15
\row@=\count98
\column@=\count99
\maxfields@=\count100
\andhelp@=\toks16
\eqnshift@=\dimen106
\alignsep@=\dimen107
\tagshift@=\dimen108
\tagwidth@=\dimen109
\totwidth@=\dimen110
\lineht@=\dimen111
\@envbody=\toks17
\multlinegap=\skip44
\multlinetaggap=\skip45
\mathdisplay@stack=\toks18
LaTeX Info: Redefining \[ on input line 2844.
LaTeX Info: Redefining \] on input line 2845.
)
(e:/texlive/2019/texmf-dist/tex/latex/amsfonts/amssymb.sty
Package: amssymb 2013/01/14 v3.01 AMS font symbols

(e:/texlive/2019/texmf-dist/tex/latex/amsfonts/amsfonts.sty
Package: amsfonts 2013/01/14 v3.01 Basic AMSFonts support
\symAMSa=\mathgroup4
\symAMSb=\mathgroup5
LaTeX Font Info:    Overwriting math alphabet `\mathfrak' in version `bold'
(Font)                  U/euf/m/n --> U/euf/b/n on input line 106.
))
(e:/texlive/2019/texmf-dist/tex/latex/booktabs/booktabs.sty
Package: booktabs 2016/04/27 v1.618033 publication quality tables
\heavyrulewidth=\dimen112
\lightrulewidth=\dimen113
\cmidrulewidth=\dimen114
\belowrulesep=\dimen115
\belowbottomsep=\dimen116
\aboverulesep=\dimen117
\abovetopsep=\dimen118
\cmidrulesep=\dimen119
\cmidrulekern=\dimen120
\defaultaddspace=\dimen121
\@cmidla=\count101
\@cmidlb=\count102
\@aboverulesep=\dimen122
\@belowrulesep=\dimen123
\@thisruleclass=\count103
\@lastruleclass=\count104
\@thisrulewidth=\dimen124
)
(e:/texlive/2019/texmf-dist/tex/latex/tools/bm.sty
Package: bm 2017/01/16 v1.2c Bold Symbol Support (DPC/FMi)
\symboldoperators=\mathgroup6
\symboldletters=\mathgroup7
\symboldsymbols=\mathgroup8
LaTeX Font Info:    Redeclaring math alphabet \mathbf on input line 141.
LaTeX Info: Redefining \bm on input line 207.
)
(e:/texlive/2019/texmf-dist/tex/latex/caption/caption.sty
Package: caption 2018/10/06 v3.3-154 Customizing captions (AR)

(e:/texlive/2019/texmf-dist/tex/latex/caption/caption3.sty
Package: caption3 2018/09/12 v1.8c caption3 kernel (AR)
Package caption3 Info: TeX engine: e-TeX on input line 64.

(e:/texlive/2019/texmf-dist/tex/latex/graphics/keyval.sty
Package: keyval 2014/10/28 v1.15 key=value parser (DPC)
\KV@toks@=\toks19
)
\captionmargin=\dimen125
\captionmargin@=\dimen126
\captionwidth=\dimen127
\caption@tempdima=\dimen128
\caption@indent=\dimen129
\caption@parindent=\dimen130
\caption@hangindent=\dimen131
)
\c@caption@flags=\count105
\c@ContinuedFloat=\count106
)
(e:/texlive/2019/texmf-dist/tex/latex/tools/enumerate.sty
Package: enumerate 2015/07/23 v3.00 enumerate extensions (DPC)
\@enLab=\toks20
)
(e:/texlive/2019/texmf-dist/tex/latex/float/float.sty
Package: float 2001/11/08 v1.3d Float enhancements (AL)
\c@float@type=\count107
\float@exts=\toks21
\float@box=\box29
\@float@everytoks=\toks22
\@floatcapt=\box30
)
(e:/texlive/2019/texmf-dist/tex/latex/geometry/geometry.sty
Package: geometry 2018/04/16 v5.8 Page Geometry

(e:/texlive/2019/texmf-dist/tex/generic/oberdiek/ifpdf.sty
Package: ifpdf 2018/09/07 v3.3 Provides the ifpdf switch
)
(e:/texlive/2019/texmf-dist/tex/generic/oberdiek/ifvtex.sty
Package: ifvtex 2016/05/16 v1.6 Detect VTeX and its facilities (HO)
Package ifvtex Info: VTeX not detected.
)
(e:/texlive/2019/texmf-dist/tex/generic/ifxetex/ifxetex.sty
Package: ifxetex 2010/09/12 v0.6 Provides ifxetex conditional
)
\Gm@cnth=\count108
\Gm@cntv=\count109
\c@Gm@tempcnt=\count110
\Gm@bindingoffset=\dimen132
\Gm@wd@mp=\dimen133
\Gm@odd@mp=\dimen134
\Gm@even@mp=\dimen135
\Gm@layoutwidth=\dimen136
\Gm@layoutheight=\dimen137
\Gm@layouthoffset=\dimen138
\Gm@layoutvoffset=\dimen139
\Gm@dimlist=\toks23
)
(e:/texlive/2019/texmf-dist/tex/latex/graphics/graphicx.sty
Package: graphicx 2017/06/01 v1.1a Enhanced LaTeX Graphics (DPC,SPQR)

(e:/texlive/2019/texmf-dist/tex/latex/graphics/graphics.sty
Package: graphics 2017/06/25 v1.2c Standard LaTeX Graphics (DPC,SPQR)

(e:/texlive/2019/texmf-dist/tex/latex/graphics/trig.sty
Package: trig 2016/01/03 v1.10 sin cos tan (DPC)
)
(e:/texlive/2019/texmf-dist/tex/latex/graphics-cfg/graphics.cfg
File: graphics.cfg 2016/06/04 v1.11 sample graphics configuration
)
Package graphics Info: Driver file: pdftex.def on input line 99.

(e:/texlive/2019/texmf-dist/tex/latex/graphics-def/pdftex.def
File: pdftex.def 2018/01/08 v1.0l Graphics/color driver for pdftex
))
\Gin@req@height=\dimen140
\Gin@req@width=\dimen141
)
(e:/texlive/2019/texmf-dist/tex/latex/tools/indentfirst.sty
Package: indentfirst 1995/11/23 v1.03 Indent first paragraph (DPC)
)
(e:/texlive/2019/texmf-dist/tex/latex/multirow/multirow.sty
Package: multirow 2019/01/01 v2.4 Span multiple rows of a table
\multirow@colwidth=\skip46
\multirow@cntb=\count111
\multirow@dima=\skip47
\bigstrutjot=\dimen142
)
(e:/texlive/2019/texmf-dist/tex/latex/setspace/setspace.sty
Package: setspace 2011/12/19 v6.7a set line spacing
)
(e:/texlive/2019/texmf-dist/tex/latex/titlesec/titlesec.sty
Package: titlesec 2016/03/21 v2.10.2 Sectioning titles
\ttl@box=\box31
\beforetitleunit=\skip48
\aftertitleunit=\skip49
\ttl@plus=\dimen143
\ttl@minus=\dimen144
\ttl@toksa=\toks24
\titlewidth=\dimen145
\titlewidthlast=\dimen146
\titlewidthfirst=\dimen147
) (./Lab3.aux)
\openout1 = `Lab3.aux'.

LaTeX Font Info:    Checking defaults for OML/cmm/m/it on input line 6.
LaTeX Font Info:    ... okay on input line 6.
LaTeX Font Info:    Checking defaults for T1/cmr/m/n on input line 6.
LaTeX Font Info:    ... okay on input line 6.
LaTeX Font Info:    Checking defaults for OT1/cmr/m/n on input line 6.
LaTeX Font Info:    ... okay on input line 6.
LaTeX Font Info:    Checking defaults for OMS/cmsy/m/n on input line 6.
LaTeX Font Info:    ... okay on input line 6.
LaTeX Font Info:    Checking defaults for OMX/cmex/m/n on input line 6.
LaTeX Font Info:    ... okay on input line 6.
LaTeX Font Info:    Checking defaults for U/cmr/m/n on input line 6.
LaTeX Font Info:    ... okay on input line 6.
Package caption Info: Begin \AtBeginDocument code.
Package caption Info: float package is loaded.
Package caption Info: End \AtBeginDocument code.

*geometry* driver: auto-detecting
*geometry* detected driver: pdftex
*geometry* verbose mode - [ preamble ] result:
* driver: pdftex
* paper: a4paper
* layout: <same size as paper>
* layoutoffset:(h,v)=(0.0pt,0.0pt)
* modes: 
* h-part:(L,W,R)=(128.0374pt, 341.43307pt, 128.0374pt)
* v-part:(T,H,B)=(113.81102pt, 617.4248pt, 113.81102pt)
* \paperwidth=597.50787pt
* \paperheight=845.04684pt
* \textwidth=341.43307pt
* \textheight=617.4248pt
* \oddsidemargin=55.76741pt
* \evensidemargin=55.76741pt
* \topmargin=4.54103pt
* \headheight=12.0pt
* \headsep=25.0pt
* \topskip=10.0pt
* \footskip=30.0pt
* \marginparwidth=57.0pt
* \marginparsep=11.0pt
* \columnsep=10.0pt
* \skip\footins=9.0pt plus 4.0pt minus 2.0pt
* \hoffset=0.0pt
* \voffset=0.0pt
* \mag=1000
* \@twocolumnfalse
* \@twosidefalse
* \@mparswitchfalse
* \@reversemarginfalse
* (1in=72.27pt=25.4mm, 1cm=28.453pt)

(e:/texlive/2019/texmf-dist/tex/context/base/mkii/supp-pdf.mkii
[Loading MPS to PDF converter (version 2006.09.02).]
\scratchcounter=\count112
\scratchdimen=\dimen148
\scratchbox=\box32
\nofMPsegments=\count113
\nofMParguments=\count114
\everyMPshowfont=\toks25
\MPscratchCnt=\count115
\MPscratchDim=\dimen149
\MPnumerator=\count116
\makeMPintoPDFobject=\count117
\everyMPtoPDFconversion=\toks26
) (e:/texlive/2019/texmf-dist/tex/latex/oberdiek/epstopdf-base.sty
Package: epstopdf-base 2016/05/15 v2.6 Base part for package epstopdf

(e:/texlive/2019/texmf-dist/tex/generic/oberdiek/infwarerr.sty
Package: infwarerr 2016/05/16 v1.4 Providing info/warning/error messages (HO)
)
(e:/texlive/2019/texmf-dist/tex/latex/oberdiek/grfext.sty
Package: grfext 2016/05/16 v1.2 Manage graphics extensions (HO)

(e:/texlive/2019/texmf-dist/tex/generic/oberdiek/kvdefinekeys.sty
Package: kvdefinekeys 2016/05/16 v1.4 Define keys (HO)

(e:/texlive/2019/texmf-dist/tex/generic/oberdiek/ltxcmds.sty
Package: ltxcmds 2016/05/16 v1.23 LaTeX kernel commands for general use (HO)
)))
(e:/texlive/2019/texmf-dist/tex/latex/oberdiek/kvoptions.sty
Package: kvoptions 2016/05/16 v3.12 Key value format for package options (HO)

(e:/texlive/2019/texmf-dist/tex/generic/oberdiek/kvsetkeys.sty
Package: kvsetkeys 2016/05/16 v1.17 Key value parser (HO)

(e:/texlive/2019/texmf-dist/tex/generic/oberdiek/etexcmds.sty
Package: etexcmds 2016/05/16 v1.6 Avoid name clashes with e-TeX commands (HO)

(e:/texlive/2019/texmf-dist/tex/generic/oberdiek/ifluatex.sty
Package: ifluatex 2016/05/16 v1.4 Provides the ifluatex switch (HO)
Package ifluatex Info: LuaTeX not detected.
))))
(e:/texlive/2019/texmf-dist/tex/generic/oberdiek/pdftexcmds.sty
Package: pdftexcmds 2018/09/10 v0.29 Utility functions of pdfTeX for LuaTeX (HO
)
Package pdftexcmds Info: LuaTeX not detected.
Package pdftexcmds Info: \pdf@primitive is available.
Package pdftexcmds Info: \pdf@ifprimitive is available.
Package pdftexcmds Info: \pdfdraftmode found.
)
Package epstopdf-base Info: Redefining graphics rule for `.eps' on input line 4
38.
Package grfext Info: Graphics extension search list:
(grfext)             [.pdf,.png,.jpg,.mps,.jpeg,.jbig2,.jb2,.PDF,.PNG,.JPG,.JPE
G,.JBIG2,.JB2,.eps]
(grfext)             \AppendGraphicsExtensions on input line 456.

(e:/texlive/2019/texmf-dist/tex/latex/latexconfig/epstopdf-sys.cfg
File: epstopdf-sys.cfg 2010/07/13 v1.3 Configuration of (r)epstopdf for TeX Liv
e
))
LaTeX Font Info:    Try loading font information for U+msa on input line 32.

(e:/texlive/2019/texmf-dist/tex/latex/amsfonts/umsa.fd
File: umsa.fd 2013/01/14 v3.01 AMS symbols A
)
LaTeX Font Info:    Try loading font information for U+msb on input line 32.

(e:/texlive/2019/texmf-dist/tex/latex/amsfonts/umsb.fd
File: umsb.fd 2013/01/14 v3.01 AMS symbols B
) [1

{e:/texlive/2019/texmf-var/fonts/map/pdftex/updmap/pdftex.map}]
<1.png, id=8, 442.65375pt x 110.21175pt>
File: 1.png Graphic file (type png)
<use 1.png>
Package pdftex.def Info: 1.png  used on input line 50.
(pdftex.def)             Requested size: 170.71654pt x 42.50479pt.
 [2 <./1.png (PNG copy)>]
<2.jpg, id=17, 123.47845pt x 193.01378pt>
File: 2.jpg Graphic file (type jpg)
<use 2.jpg>
Package pdftex.def Info: 2.jpg  used on input line 80.
(pdftex.def)             Requested size: 170.71654pt x 266.87173pt.
 [3 <./2.jpg>]
<3.jpg, id=22, 385.16624pt x 284.262pt>
File: 3.jpg Graphic file (type jpg)
<use 3.jpg>
Package pdftex.def Info: 3.jpg  used on input line 92.
(pdftex.def)             Requested size: 307.28767pt x 226.78963pt.
<4.jpg, id=23, 142.50423pt x 131.30746pt>
File: 4.jpg Graphic file (type jpg)
<use 4.jpg>
Package pdftex.def Info: 4.jpg  used on input line 98.
(pdftex.def)             Requested size: 170.71654pt x 157.30568pt.
 [4 <./3.jpg> <./4.jpg>]
Overfull \hbox (102.18579pt too wide) in paragraph at lines 106--116
 [][] 
 []

[5]
Overfull \hbox (2.59541pt too wide) in paragraph at lines 150--151
[]\OT1/cmr/m/n/10 We change the am-pli-tude for six times again like about 5.0/
10.0/15.0/.../30.0
 []


Overfull \hbox (18.87305pt too wide) in paragraph at lines 158--177
 [][] 
 []

[6]
Package epstopdf Info: Source file: <5.eps>
(epstopdf)                    date: 2019-08-02 05:33:04
(epstopdf)                    size: 115260 bytes
(epstopdf)             Output file: <5-eps-converted-to.pdf>
(epstopdf)                    date: 2019-08-02 05:33:17
(epstopdf)                    size: 43413 bytes
(epstopdf)             Command: <repstopdf --outfile=5-eps-converted-to.pdf 5.e
ps>
(epstopdf)             \includegraphics on input line 226.
Package epstopdf Info: Output file is already uptodate.
<5-eps-converted-to.pdf, id=34, 774.895pt x 593.21625pt>
File: 5-eps-converted-to.pdf Graphic file (type pdf)
<use 5-eps-converted-to.pdf>
Package pdftex.def Info: 5-eps-converted-to.pdf  used on input line 226.
(pdftex.def)             Requested size: 341.43307pt x 261.38707pt.
 [7]
Package epstopdf Info: Source file: <6.eps>
(epstopdf)                    date: 2019-08-02 05:28:50
(epstopdf)                    size: 115426 bytes
(epstopdf)             Output file: <6-eps-converted-to.pdf>
(epstopdf)                    date: 2019-08-02 05:31:27
(epstopdf)                    size: 43474 bytes
(epstopdf)             Command: <repstopdf --outfile=6-eps-converted-to.pdf 6.e
ps>
(epstopdf)             \includegraphics on input line 263.
Package epstopdf Info: Output file is already uptodate.
<6-eps-converted-to.pdf, id=39, 774.895pt x 593.21625pt>
File: 6-eps-converted-to.pdf Graphic file (type pdf)
<use 6-eps-converted-to.pdf>
Package pdftex.def Info: 6-eps-converted-to.pdf  used on input line 263.
(pdftex.def)             Requested size: 341.43307pt x 261.38707pt.
 [8 <./5-eps-converted-to.pdf>]
Package epstopdf Info: Source file: <7.eps>
(epstopdf)                    date: 2019-08-02 05:24:09
(epstopdf)                    size: 112531 bytes
(epstopdf)             Output file: <7-eps-converted-to.pdf>
(epstopdf)                    date: 2019-08-02 05:31:29
(epstopdf)                    size: 42938 bytes
(epstopdf)             Command: <repstopdf --outfile=7-eps-converted-to.pdf 7.e
ps>
(epstopdf)             \includegraphics on input line 300.
Package epstopdf Info: Output file is already uptodate.
<7-eps-converted-to.pdf, id=115, 774.895pt x 593.21625pt>
File: 7-eps-converted-to.pdf Graphic file (type pdf)
<use 7-eps-converted-to.pdf>
Package pdftex.def Info: 7-eps-converted-to.pdf  used on input line 300.
(pdftex.def)             Requested size: 341.43307pt x 261.38707pt.
 [9 <./6-eps-converted-to.pdf>] [10 <./7-eps-converted-to.pdf>]
Package epstopdf Info: Source file: <8.eps>
(epstopdf)                    date: 2019-08-02 13:46:24
(epstopdf)                    size: 113978 bytes
(epstopdf)             Output file: <8-eps-converted-to.pdf>
(epstopdf)                    date: 2019-08-02 13:47:08
(epstopdf)                    size: 44116 bytes
(epstopdf)             Command: <repstopdf --outfile=8-eps-converted-to.pdf 8.e
ps>
(epstopdf)             \includegraphics on input line 364.
Package epstopdf Info: Output file is already uptodate.
<8-eps-converted-to.pdf, id=266, 774.895pt x 593.21625pt>
File: 8-eps-converted-to.pdf Graphic file (type pdf)
<use 8-eps-converted-to.pdf>
Package pdftex.def Info: 8-eps-converted-to.pdf  used on input line 364.
(pdftex.def)             Requested size: 341.43307pt x 261.38707pt.
Package epstopdf Info: Source file: <9.eps>
(epstopdf)                    date: 2019-08-02 13:48:54
(epstopdf)                    size: 114625 bytes
(epstopdf)             Output file: <9-eps-converted-to.pdf>
(epstopdf)                    date: 2019-08-02 13:50:49
(epstopdf)                    size: 44323 bytes
(epstopdf)             Command: <repstopdf --outfile=9-eps-converted-to.pdf 9.e
ps>
(epstopdf)             \includegraphics on input line 372.
Package epstopdf Info: Output file is already uptodate.
<9-eps-converted-to.pdf, id=267, 774.895pt x 593.21625pt>
File: 9-eps-converted-to.pdf Graphic file (type pdf)
<use 9-eps-converted-to.pdf>
Package pdftex.def Info: 9-eps-converted-to.pdf  used on input line 372.
(pdftex.def)             Requested size: 341.43307pt x 261.38707pt.
 [11 <./8-eps-converted-to.pdf>]
Package epstopdf Info: Source file: <10.eps>
(epstopdf)                    date: 2019-08-02 13:50:43
(epstopdf)                    size: 114627 bytes
(epstopdf)             Output file: <10-eps-converted-to.pdf>
(epstopdf)                    date: 2019-08-02 13:50:51
(epstopdf)                    size: 44526 bytes
(epstopdf)             Command: <repstopdf --outfile=10-eps-converted-to.pdf 10
.eps>
(epstopdf)             \includegraphics on input line 379.
Package epstopdf Info: Output file is already uptodate.
<10-eps-converted-to.pdf, id=344, 774.895pt x 593.21625pt>
File: 10-eps-converted-to.pdf Graphic file (type pdf)
<use 10-eps-converted-to.pdf>
Package pdftex.def Info: 10-eps-converted-to.pdf  used on input line 379.
(pdftex.def)             Requested size: 341.43307pt x 261.38707pt.
 [12 <./9-eps-converted-to.pdf>]
Package epstopdf Info: Source file: <11.eps>
(epstopdf)                    date: 2019-08-02 08:10:34
(epstopdf)                    size: 114885 bytes
(epstopdf)             Output file: <11-eps-converted-to.pdf>
(epstopdf)                    date: 2019-08-02 08:24:44
(epstopdf)                    size: 43354 bytes
(epstopdf)             Command: <repstopdf --outfile=11-eps-converted-to.pdf 11
.eps>
(epstopdf)             \includegraphics on input line 409.
Package epstopdf Info: Output file is already uptodate.
<11-eps-converted-to.pdf, id=421, 774.895pt x 593.21625pt>
File: 11-eps-converted-to.pdf Graphic file (type pdf)
<use 11-eps-converted-to.pdf>
Package pdftex.def Info: 11-eps-converted-to.pdf  used on input line 409.
(pdftex.def)             Requested size: 341.43307pt x 261.38707pt.
 [13 <./10-eps-converted-to.pdf>] [14 <./11-eps-converted-to.pdf>]
Overfull \hbox (9.30408pt too wide) in paragraph at lines 464--481
 [][] 
 []

Package epstopdf Info: Source file: <12.eps>
(epstopdf)                    date: 2019-08-02 10:44:13
(epstopdf)                    size: 123968 bytes
(epstopdf)             Output file: <12-eps-converted-to.pdf>
(epstopdf)                    date: 2019-08-02 10:44:19
(epstopdf)                    size: 45505 bytes
(epstopdf)             Command: <repstopdf --outfile=12-eps-converted-to.pdf 12
.eps>
(epstopdf)             \includegraphics on input line 486.
Package epstopdf Info: Output file is already uptodate.
<12-eps-converted-to.pdf, id=574, 774.895pt x 593.21625pt>
File: 12-eps-converted-to.pdf Graphic file (type pdf)
<use 12-eps-converted-to.pdf>
Package pdftex.def Info: 12-eps-converted-to.pdf  used on input line 486.
(pdftex.def)             Requested size: 341.43307pt x 261.38707pt.
[15] [16 <./12-eps-converted-to.pdf>] [17] [18]
Overfull \hbox (2.48404pt too wide) in paragraph at lines 581--582
[]\OT1/cmr/m/n/10 The un-cer-tainty of the mea-sure-ments for the dif-fer-ence 
be-tween the stretched
 []

[19]
Overfull \hbox (59.2656pt too wide) in paragraph at lines 664--683
 [][] 
 []

[20] [21] [22]
<13.jpg, id=677, 2320.67pt x 3380.63pt>
File: 13.jpg Graphic file (type jpg)
<use 13.jpg>
Package pdftex.def Info: 13.jpg  used on input line 808.
(pdftex.def)             Requested size: 341.43307pt x 497.3748pt.
<14.jpg, id=678, 1392.402pt x 2009.106pt>
File: 14.jpg Graphic file (type jpg)
<use 14.jpg>
Package pdftex.def Info: 14.jpg  used on input line 812.
(pdftex.def)             Requested size: 341.43307pt x 492.64915pt.
<15.jpg, id=679, 1353.858pt x 1905.519pt>
File: 15.jpg Graphic file (type jpg)
<use 15.jpg>
Package pdftex.def Info: 15.jpg  used on input line 816.
(pdftex.def)             Requested size: 341.43307pt x 480.53642pt.
 [23 <./13.jpg>] [24 <./14.jpg>] [25 <./15.jpg>] (./Lab3.aux) ) 
Here is how much of TeX's memory you used:
 4603 strings out of 492623
 66804 string characters out of 6133291
 141864 words of memory out of 5000000
 8412 multiletter control sequences out of 15000+600000
 16717 words of font info for 62 fonts, out of 8000000 for 9000
 1141 hyphenation exceptions out of 8191
 41i,11n,39p,612b,305s stack positions out of 5000i,500n,10000p,200000b,80000s
<e:/texlive/2019
/texmf-dist/fonts/type1/public/amsfonts/cm/cmbx12.pfb><e:/texlive/2019/texmf-di
st/fonts/type1/public/amsfonts/cm/cmbx8.pfb><e:/texlive/2019/texmf-dist/fonts/t
ype1/public/amsfonts/cm/cmcsc10.pfb><e:/texlive/2019/texmf-dist/fonts/type1/pub
lic/amsfonts/cm/cmex10.pfb><e:/texlive/2019/texmf-dist/fonts/type1/public/amsfo
nts/cm/cmmi10.pfb><e:/texlive/2019/texmf-dist/fonts/type1/public/amsfonts/cm/cm
mi5.pfb><e:/texlive/2019/texmf-dist/fonts/type1/public/amsfonts/cm/cmmi7.pfb><e
:/texlive/2019/texmf-dist/fonts/type1/public/amsfonts/cm/cmmib10.pfb><e:/texliv
e/2019/texmf-dist/fonts/type1/public/amsfonts/cmextra/cmmib8.pfb><e:/texlive/20
19/texmf-dist/fonts/type1/public/amsfonts/cm/cmr10.pfb><e:/texlive/2019/texmf-d
ist/fonts/type1/public/amsfonts/cm/cmr5.pfb><e:/texlive/2019/texmf-dist/fonts/t
ype1/public/amsfonts/cm/cmr7.pfb><e:/texlive/2019/texmf-dist/fonts/type1/public
/amsfonts/cm/cmsy10.pfb><e:/texlive/2019/texmf-dist/fonts/type1/public/amsfonts
/cm/cmsy7.pfb>
Output written on Lab3.pdf (25 pages, 1744238 bytes).
PDF statistics:
 735 PDF objects out of 1000 (max. 8388607)
 195 compressed objects within 2 object streams
 0 named destinations out of 1000 (max. 500000)
 76 words of extra memory for PDF output out of 10000 (max. 10000000)

